<?xml version="1.0" encoding="UTF-8"?>
<testng-results ignored="0" total="1" passed="1" failed="0" skipped="0">
  <reporter-output>
  </reporter-output>
  <suite started-at="2018-06-03T03:13:33Z" name="Command line suite" finished-at="2018-06-03T03:13:33Z" duration-ms="18">
    <groups>
    </groups>
    <test started-at="2018-06-03T03:13:33Z" name="Command line test" finished-at="2018-06-03T03:13:33Z" duration-ms="18">
      <class name="Maven_GID.Maven_AID.AppTest">
        <test-method signature="testApp()[pri:0, instance:testApp(Maven_GID.Maven_AID.AppTest)]" started-at="2018-06-03T03:13:33Z" name="testApp" finished-at="2018-06-03T03:13:33Z" duration-ms="2" status="PASS">
          <reporter-output>
          </reporter-output>
        </test-method> <!-- testApp -->
      </class> <!-- Maven_GID.Maven_AID.AppTest -->
    </test> <!-- Command line test -->
  </suite> <!-- Command line suite -->
</testng-results>
